<?xml version="1.0" encoding="utf-8"?>
<TestRun id="bf4afb0f-f17b-44b6-91e7-eb0f21447e2b" name="A200095983@BE2BQ071 2022-06-08 11:43:20" runUser="EMEA2\A200095983" xmlns="http://microsoft.com/schemas/VisualStudio/TeamTest/2010">
  <Times creation="2022-06-08T11:43:20.2683506+02:00" queuing="2022-06-08T11:43:20.2683518+02:00" start="2022-06-08T11:43:17.9747790+02:00" finish="2022-06-08T11:43:20.2759670+02:00" />
  <TestSettings name="default" id="f4d81558-c1c6-4c3e-bb3e-d5053171bab9">
    <Deployment runDeploymentRoot="A200095983_BE2BQ071_2022-06-08_11_43_20" />
  </TestSettings>
  <Results>
    <UnitTestResult executionId="e9be409b-5b3c-493b-a35f-652d794487f0" testId="540170e8-6422-828b-cdf1-b91151623603" testName="Test1" computerName="BE2BQ071" duration="00:00:00.0601840" startTime="2022-06-08T11:43:20.0000000+02:00" endTime="2022-06-08T11:43:20.0000000+02:00" testType="13cdc9d9-ddb5-4fa4-a97d-d965ccfc6d4b" outcome="Passed" testListId="8c84fa94-04c1-424b-9868-57a2d4851a1d" relativeResultsDirectory="e9be409b-5b3c-493b-a35f-652d794487f0" />
  </Results>
  <TestDefinitions>
    <UnitTest name="Test1" storage="c:\users\a200095983\source\repos\webapplication1\testproject1\bin\debug\net5.0\testproject1.dll" id="540170e8-6422-828b-cdf1-b91151623603">
      <Execution id="e9be409b-5b3c-493b-a35f-652d794487f0" />
      <TestMethod codeBase="C:\Users\A200095983\source\repos\WebApplication1\TestProject1\bin\Debug\net5.0\TestProject1.dll" adapterTypeName="executor://nunit3testexecutor/" className="TestProject1.Tests" name="Test1" />
    </UnitTest>
  </TestDefinitions>
  <TestEntries>
    <TestEntry testId="540170e8-6422-828b-cdf1-b91151623603" executionId="e9be409b-5b3c-493b-a35f-652d794487f0" testListId="8c84fa94-04c1-424b-9868-57a2d4851a1d" />
  </TestEntries>
  <TestLists>
    <TestList name="Resultados sin formato de lista" id="8c84fa94-04c1-424b-9868-57a2d4851a1d" />
    <TestList name="Todos los resultados cargados" id="19431567-8539-422a-85d7-44ee4e166bda" />
  </TestLists>
  <ResultSummary outcome="Completed">
    <Counters total="1" executed="1" passed="1" failed="0" error="0" timeout="0" aborted="0" inconclusive="0" passedButRunAborted="0" notRunnable="0" notExecuted="0" disconnected="0" warning="0" completed="0" inProgress="0" pending="0" />
    <Output>
      <StdOut>NUnit Adapter 3.16.1.0: Test execution started&#xD;
Running all tests in C:\Users\A200095983\source\repos\WebApplication1\TestProject1\bin\Debug\net5.0\TestProject1.dll&#xD;
   NUnit3TestExecutor converted 1 of 1 NUnit test cases&#xD;
NUnit Adapter 3.16.1.0: Test execution complete&#xD;
</StdOut>
    </Output>
  </ResultSummary>
</TestRun>