<?xml version="1.0" encoding="utf-8"?>
<TestRun id="3a80289a-c72f-4729-8ecb-ce4faac8ae16" name="A200095983@BE2BQ071 2022-06-08 11:45:52" runUser="EMEA2\A200095983" xmlns="http://microsoft.com/schemas/VisualStudio/TeamTest/2010">
  <Times creation="2022-06-08T11:45:52.2576433+02:00" queuing="2022-06-08T11:45:52.2576443+02:00" start="2022-06-08T11:45:51.2642674+02:00" finish="2022-06-08T11:45:52.2679927+02:00" />
  <TestSettings name="default" id="74d58f36-9402-433f-877a-7b6d89c3226d">
    <Deployment runDeploymentRoot="A200095983_BE2BQ071_2022-06-08_11_45_52" />
  </TestSettings>
  <Results>
    <UnitTestResult executionId="15720568-53e1-460d-84e4-7d984cb2ce14" testId="540170e8-6422-828b-cdf1-b91151623603" testName="Test1" computerName="BE2BQ071" duration="00:00:00.0542470" startTime="2022-06-08T11:45:52.0000000+02:00" endTime="2022-06-08T11:45:52.0000000+02:00" testType="13cdc9d9-ddb5-4fa4-a97d-d965ccfc6d4b" outcome="Failed" testListId="8c84fa94-04c1-424b-9868-57a2d4851a1d" relativeResultsDirectory="15720568-53e1-460d-84e4-7d984cb2ce14">
      <Output>
        <ErrorInfo>
          <Message>  Expected: True&#xD;
  But was:  False&#xD;
</Message>
          <StackTrace>   at TestProject1.Tests.Setup() in C:\Users\A200095983\source\repos\WebApplication1\TestProject1\UnitTest1.cs:line 10&#xD;
</StackTrace>
        </ErrorInfo>
      </Output>
    </UnitTestResult>
  </Results>
  <TestDefinitions>
    <UnitTest name="Test1" storage="c:\users\a200095983\source\repos\webapplication1\testproject1\bin\debug\net5.0\testproject1.dll" id="540170e8-6422-828b-cdf1-b91151623603">
      <Execution id="15720568-53e1-460d-84e4-7d984cb2ce14" />
      <TestMethod codeBase="C:\Users\A200095983\source\repos\WebApplication1\TestProject1\bin\Debug\net5.0\TestProject1.dll" adapterTypeName="executor://nunit3testexecutor/" className="TestProject1.Tests" name="Test1" />
    </UnitTest>
  </TestDefinitions>
  <TestEntries>
    <TestEntry testId="540170e8-6422-828b-cdf1-b91151623603" executionId="15720568-53e1-460d-84e4-7d984cb2ce14" testListId="8c84fa94-04c1-424b-9868-57a2d4851a1d" />
  </TestEntries>
  <TestLists>
    <TestList name="Resultados sin formato de lista" id="8c84fa94-04c1-424b-9868-57a2d4851a1d" />
    <TestList name="Todos los resultados cargados" id="19431567-8539-422a-85d7-44ee4e166bda" />
  </TestLists>
  <ResultSummary outcome="Failed">
    <Counters total="1" executed="1" passed="0" failed="1" error="0" timeout="0" aborted="0" inconclusive="0" passedButRunAborted="0" notRunnable="0" notExecuted="0" disconnected="0" warning="0" completed="0" inProgress="0" pending="0" />
    <Output>
      <StdOut>NUnit Adapter 3.16.1.0: Test execution started&#xD;
Running all tests in C:\Users\A200095983\source\repos\WebApplication1\TestProject1\bin\Debug\net5.0\TestProject1.dll&#xD;
   NUnit3TestExecutor converted 1 of 1 NUnit test cases&#xD;
NUnit Adapter 3.16.1.0: Test execution complete&#xD;
</StdOut>
    </Output>
  </ResultSummary>
</TestRun>